<?xml version="1.0" encoding="UTF-8"?>
<!-- Generated by org.testng.reporters.JUnitReportReporter -->
<testsuite skipped="0" hostname="UK-C02WF0X2HV2R" name="Onboarding_tests.businessSearchTests" tests="10" failures="0" timestamp="27 Aug 2018 17:40:58 GMT" time="518.451" errors="0">
  <testcase name="CUICE3978" time="42.039" classname="Onboarding_tests.businessSearchTests"/>
  <testcase name="CUICE3979" time="49.265" classname="Onboarding_tests.businessSearchTests"/>
  <testcase name="CUICE3980" time="63.196" classname="Onboarding_tests.businessSearchTests"/>
  <testcase name="CUICE3981" time="42.620" classname="Onboarding_tests.businessSearchTests"/>
  <testcase name="CUICE3982" time="42.004" classname="Onboarding_tests.businessSearchTests"/>
  <testcase name="CUICE3995" time="57.179" classname="Onboarding_tests.businessSearchTests"/>
  <testcase name="CUICE3996" time="60.599" classname="Onboarding_tests.businessSearchTests"/>
  <testcase name="CUICE5182" time="51.036" classname="Onboarding_tests.businessSearchTests"/>
  <testcase name="CUICE3998" time="62.939" classname="Onboarding_tests.businessSearchTests"/>
  <testcase name="CUICE4000" time="47.574" classname="Onboarding_tests.businessSearchTests"/>
</testsuite> <!-- Onboarding_tests.businessSearchTests -->
