<?xml version="1.0" encoding="UTF-8"?>
<!-- Generated by org.testng.reporters.JUnitReportReporter -->
<testsuite skipped="0" hostname="UK-C02WF0X2HV2R" name="Onboarding_tests.businessSearchTests" tests="10" failures="0" timestamp="27 Aug 2018 16:18:54 GMT" time="531.075" errors="0">
  <testcase name="CUICE3978" time="47.850" classname="Onboarding_tests.businessSearchTests"/>
  <testcase name="CUICE3979" time="51.002" classname="Onboarding_tests.businessSearchTests"/>
  <testcase name="CUICE3980" time="66.872" classname="Onboarding_tests.businessSearchTests"/>
  <testcase name="CUICE3981" time="43.531" classname="Onboarding_tests.businessSearchTests"/>
  <testcase name="CUICE3982" time="45.726" classname="Onboarding_tests.businessSearchTests"/>
  <testcase name="CUICE3995" time="52.757" classname="Onboarding_tests.businessSearchTests"/>
  <testcase name="CUICE3996" time="56.841" classname="Onboarding_tests.businessSearchTests"/>
  <testcase name="CUICE5182" time="48.261" classname="Onboarding_tests.businessSearchTests"/>
  <testcase name="CUICE3998" time="68.138" classname="Onboarding_tests.businessSearchTests"/>
  <testcase name="CUICE4000" time="50.097" classname="Onboarding_tests.businessSearchTests"/>
</testsuite> <!-- Onboarding_tests.businessSearchTests -->
