<?xml version="1.0" encoding="UTF-8"?>
<!-- Generated by org.testng.reporters.JUnitReportReporter -->
<testsuite skipped="0" hostname="UK-C02WF0X2HV2R" name="Onboarding_tests.businessSearchTests" tests="1" failures="0" timestamp="10 Sep 2018 16:38:51 GMT" time="52.342" errors="0">
  <testcase name="CUICE3980" time="52.342" classname="Onboarding_tests.businessSearchTests"/>
</testsuite> <!-- Onboarding_tests.businessSearchTests -->
